<?xml version="1.0" encoding="UTF-8"?>
<!-- Generated by org.testng.reporters.JUnitXMLReporter -->
<testsuite ignored="0" hostname="LAPTOP-DK6TK74Q" failures="0" tests="4" name="Command line test" time="0.096" errors="0" timestamp="09 Jul 2021 10:40:54 GMT">
  <testcase classname="com.crm.vtiger.ProductTest.CreateProductTest" name="createProductWithId" time="0.022"/>
  <testcase classname="com.crm.vtiger.ProductTest.CreateProductTest" name="createProductWithNameTest" time="0.0"/>
  <testcase classname="com.crm.vtiger.ProductTest.SearchProductTest" name="searchProductWithId" time="0.0"/>
  <testcase classname="com.crm.vtiger.ProductTest.SearchProductTest" name="searchProductWithNameTest" time="0.0"/>
</testsuite> <!-- Command line test -->
