<?xml version="1.0" encoding="UTF-8" ?>
<testsuite tests="4" failures="0" name="TestSuite" time="0.026" errors="0" skipped="0">
  <properties>
[...]
</properties>
  <testcase classname="com.crm.vtiger.ProductTest.CreateProductTest" name="createProductWithId" time="0.024"/>
  <testcase classname="com.crm.vtiger.ProductTest.CreateProductTest" name="createProductWithNameTest" time="0"/>
  <testcase classname="com.crm.vtiger.ProductTest.SearchProductTest" name="searchProductWithId" time="0.001"/>
  <testcase classname="com.crm.vtiger.ProductTest.SearchProductTest" name="searchProductWithNameTest" time="0.001"/>
</testsuite>