<?xml version="1.0" encoding="UTF-8"?>
<!-- Generated by org.testng.reporters.JUnitXMLReporter -->
<testsuite ignored="2" hostname="LAPTOP-DK6TK74Q" failures="0" tests="2" name="Test" time="0.098" errors="0" timestamp="09 Jul 2021 11:54:37 GMT">
  <testcase classname="com.crm.vtiger.ProductTest.CreateProductTest" name="createProductWithNameTest" time="0.017"/>
  <testcase classname="com.crm.vtiger.ProductTest.SearchProductTest" name="searchProductWithNameTest" time="0.0"/>
  <testcase classname="com.crm.vtiger.ProductTest.SearchProductTest" name="searchProductWithId" time="0.0">
    <ignored/>
  </testcase> <!-- searchProductWithId -->
  <testcase classname="com.crm.vtiger.ProductTest.CreateProductTest" name="createProductWithId" time="0.0">
    <ignored/>
  </testcase> <!-- createProductWithId -->
</testsuite> <!-- Test -->
